
/home/runner/work/exp-chemical-oxygen-nitk/exp-chemical-oxygen-nitk/experiment/simulation/js/cod.js
     1:5   warning  'stop' is assigned a value but never used  no-unused-vars
     2:5   warning  'end' is assigned a value but never used   no-unused-vars
     6:3   warning  Mixed spaces and tabs                      no-mixed-spaces-and-tabs
    10:1   warning  '$' is not defined                         no-undef
    12:2   warning  '$' is not defined                         no-undef
    17:10  warning  'navNext' is defined but never used        no-unused-vars
    19:6   warning  'temp' is not defined                      no-undef
    19:13  warning  'temp' is not defined                      no-undef
    19:22  warning  'temp' is not defined                      no-undef
    21:36  warning  'temp' is not defined                      no-undef
    23:2   warning  'simsubscreennum' is not defined           no-undef
    24:35  warning  'simsubscreennum' is not defined           no-undef
    37:3   warning  Mixed spaces and tabs                      no-mixed-spaces-and-tabs
    38:3   warning  Mixed spaces and tabs                      no-mixed-spaces-and-tabs
    39:3   warning  Mixed spaces and tabs                      no-mixed-spaces-and-tabs
    40:3   warning  Mixed spaces and tabs                      no-mixed-spaces-and-tabs
    41:3   warning  Mixed spaces and tabs                      no-mixed-spaces-and-tabs
    45:1   warning  Mixed spaces and tabs                      no-mixed-spaces-and-tabs
    45:3   warning  '$' is not defined                         no-undef
    49:2   warning  'el' is not defined                        no-undef
    50:2   warning  'el' is not defined                        no-undef
    51:2   warning  'el' is not defined                        no-undef
    52:2   warning  'answer' is not defined                    no-undef
    52:21  warning  'el' is not defined                        no-undef
    54:6   warning  'j' is not defined                         no-undef
    54:10  warning  'j' is not defined                         no-undef
    54:32  warning  'j' is not defined                         no-undef
    56:3   warning  'opt' is not defined                       no-undef
    56:22  warning  'j' is not defined                         no-undef
    58:3   warning  'el' is not defined                        no-undef
    59:3   warning  'el' is not defined                        no-undef
    59:20  warning  'opt' is not defined                       no-undef
    60:3   warning  'el' is not defined                        no-undef
    60:14  warning  'opt' is not defined                       no-undef
    61:3   warning  'answer' is not defined                    no-undef
    61:22  warning  'el' is not defined                        no-undef
    62:3   warning  '$' is not defined                         no-undef
    64:7   warning  '$' is not defined                         no-undef
    95:20  warning  'myInt' is not defined                     no-undef
   102:5   warning  'simsubscreennum' is not defined           no-undef
   104:3   warning  '$' is not defined                         no-undef
   111:5   warning  'simsubscreennum' is not defined           no-undef
   113:3   warning  'can' is not defined                       no-undef
   119:5   warning  'simsubscreennum' is not defined           no-undef
   121:3   warning  'can' is not defined                       no-undef
   127:5   warning  'simsubscreennum' is not defined           no-undef
   129:3   warning  'can' is not defined                       no-undef
   135:5   warning  'simsubscreennum' is not defined           no-undef
   137:3   warning  'can' is not defined                       no-undef
   140:5   warning  'simsubscreennum' is not defined           no-undef
   142:3   warning  'can' is not defined                       no-undef
   145:5   warning  'simsubscreennum' is not defined           no-undef
   153:3   warning  '$' is not defined                         no-undef
   159:5   warning  'simsubscreennum' is not defined           no-undef
   161:3   warning  'can' is not defined                       no-undef
   164:5   warning  'simsubscreennum' is not defined           no-undef
   172:3   warning  'can' is not defined                       no-undef
   175:5   warning  'simsubscreennum' is not defined           no-undef
   178:3   warning  'can' is not defined                       no-undef
   181:5   warning  'simsubscreennum' is not defined           no-undef
   185:3   warning  '$' is not defined                         no-undef
   191:5   warning  'simsubscreennum' is not defined           no-undef
   193:3   warning  'can' is not defined                       no-undef
   196:5   warning  'simsubscreennum' is not defined           no-undef
   199:3   warning  'can' is not defined                       no-undef
   202:5   warning  'simsubscreennum' is not defined           no-undef
   266:2   warning  'myInt' is not defined                     no-undef
   273:2   warning  '$' is not defined                         no-undef
   273:8   warning  'can' is not defined                       no-undef
   276:3   warning  '$' is not defined                         no-undef
   276:9   warning  'can' is not defined                       no-undef
   277:3   warning  '$' is not defined                         no-undef
   277:9   warning  'can' is not defined                       no-undef
   280:4   warning  '$' is not defined                         no-undef
   280:10  warning  'can' is not defined                       no-undef
   283:5   warning  '$' is not defined                         no-undef
   283:11  warning  'can' is not defined                       no-undef
   286:6   warning  '$' is not defined                         no-undef
   286:12  warning  'can' is not defined                       no-undef
   289:7   warning  'myInt' is not defined                     no-undef
   294:6   warning  Mixed spaces and tabs                      no-mixed-spaces-and-tabs
   296:7   warning  '$' is not defined                         no-undef
   296:13  warning  'can' is not defined                       no-undef
   299:8   warning  '$' is not defined                         no-undef
   299:14  warning  'can' is not defined                       no-undef
   300:8   warning  '$' is not defined                         no-undef
   300:14  warning  'can' is not defined                       no-undef
   303:9   warning  '$' is not defined                         no-undef
   303:15  warning  'can' is not defined                       no-undef
   304:9   warning  '$' is not defined                         no-undef
   304:15  warning  'can' is not defined                       no-undef
   305:9   warning  '$' is not defined                         no-undef
   305:15  warning  'can' is not defined                       no-undef
   306:9   warning  '$' is not defined                         no-undef
   306:16  warning  'can' is not defined                       no-undef
   307:9   warning  'myInt' is not defined                     no-undef
   312:8   warning  Mixed spaces and tabs                      no-mixed-spaces-and-tabs
   314:9   warning  '$' is not defined                         no-undef
   314:15  warning  'can' is not defined                       no-undef
   317:10  warning  '$' is not defined                         no-undef
   317:16  warning  'can' is not defined                       no-undef
   318:10  warning  '$' is not defined                         no-undef
   318:16  warning  'can' is not defined                       no-undef
   319:10  warning  '$' is not defined                         no-undef
   319:16  warning  'can' is not defined                       no-undef
   320:10  warning  '$' is not defined                         no-undef
   320:16  warning  'can' is not defined                       no-undef
   321:10  warning  '$' is not defined                         no-undef
   321:17  warning  'can' is not defined                       no-undef
   322:13  warning  'can' is not defined                       no-undef
   322:23  warning  'can' is not defined                       no-undef
   322:33  warning  'can' is not defined                       no-undef
   322:44  warning  'can' is not defined                       no-undef
   324:11  warning  '$' is not defined                         no-undef
   324:17  warning  'can' is not defined                       no-undef
   325:11  warning  '$' is not defined                         no-undef
   325:17  warning  'can' is not defined                       no-undef
   327:13  warning  'can' is not defined                       no-undef
   327:23  warning  'can' is not defined                       no-undef
   329:11  warning  '$' is not defined                         no-undef
   329:17  warning  'can' is not defined                       no-undef
   330:11  warning  '$' is not defined                         no-undef
   330:17  warning  'can' is not defined                       no-undef
   332:13  warning  'can' is not defined                       no-undef
   332:23  warning  'can' is not defined                       no-undef
   334:11  warning  '$' is not defined                         no-undef
   334:17  warning  'can' is not defined                       no-undef
   335:11  warning  '$' is not defined                         no-undef
   335:17  warning  'can' is not defined                       no-undef
   339:11  warning  'myInt' is not defined                     no-undef
   344:10  warning  Mixed spaces and tabs                      no-mixed-spaces-and-tabs
   346:11  warning  '$' is not defined                         no-undef
   346:17  warning  'can' is not defined                       no-undef
   349:12  warning  '$' is not defined                         no-undef
   349:18  warning  'can' is not defined                       no-undef
   350:15  warning  'can' is not defined                       no-undef
   350:25  warning  'can' is not defined                       no-undef
   350:35  warning  'can' is not defined                       no-undef
   350:46  warning  'can' is not defined                       no-undef
   352:13  warning  '$' is not defined                         no-undef
   352:19  warning  'can' is not defined                       no-undef
   353:13  warning  '$' is not defined                         no-undef
   353:19  warning  'can' is not defined                       no-undef
   355:15  warning  'can' is not defined                       no-undef
   355:25  warning  'can' is not defined                       no-undef
   357:13  warning  '$' is not defined                         no-undef
   357:19  warning  'can' is not defined                       no-undef
   358:13  warning  '$' is not defined                         no-undef
   358:19  warning  'can' is not defined                       no-undef
   360:15  warning  'can' is not defined                       no-undef
   360:25  warning  'can' is not defined                       no-undef
   362:13  warning  '$' is not defined                         no-undef
   362:19  warning  'can' is not defined                       no-undef
   363:13  warning  '$' is not defined                         no-undef
   363:19  warning  'can' is not defined                       no-undef
   367:13  warning  '$' is not defined                         no-undef
   367:19  warning  'can' is not defined                       no-undef
   368:13  warning  '$' is not defined                         no-undef
   368:19  warning  'can' is not defined                       no-undef
   371:17  warning  'can' is not defined                       no-undef
   371:27  warning  'can' is not defined                       no-undef
   371:37  warning  'can' is not defined                       no-undef
   371:48  warning  'can' is not defined                       no-undef
   373:15  warning  '$' is not defined                         no-undef
   373:21  warning  'can' is not defined                       no-undef
   374:15  warning  '$' is not defined                         no-undef
   374:21  warning  'can' is not defined                       no-undef
   376:17  warning  'can' is not defined                       no-undef
   376:27  warning  'can' is not defined                       no-undef
   378:15  warning  '$' is not defined                         no-undef
   378:21  warning  'can' is not defined                       no-undef
   379:15  warning  '$' is not defined                         no-undef
   379:21  warning  'can' is not defined                       no-undef
   381:17  warning  'can' is not defined                       no-undef
   381:27  warning  'can' is not defined                       no-undef
   383:15  warning  '$' is not defined                         no-undef
   383:21  warning  'can' is not defined                       no-undef
   384:15  warning  '$' is not defined                         no-undef
   384:21  warning  'can' is not defined                       no-undef
   388:15  warning  '$' is not defined                         no-undef
   388:21  warning  'can' is not defined                       no-undef
   389:15  warning  '$' is not defined                         no-undef
   389:21  warning  'can' is not defined                       no-undef
   390:15  warning  '$' is not defined                         no-undef
   390:21  warning  'can' is not defined                       no-undef
   392:15  warning  'myInt' is not defined                     no-undef
   397:14  warning  Mixed spaces and tabs                      no-mixed-spaces-and-tabs
   399:15  warning  '$' is not defined                         no-undef
   399:21  warning  'can' is not defined                       no-undef
   402:16  warning  '$' is not defined                         no-undef
   402:22  warning  'can' is not defined                       no-undef
   403:16  warning  '$' is not defined                         no-undef
   403:22  warning  'can' is not defined                       no-undef
   404:16  warning  '$' is not defined                         no-undef
   404:22  warning  'can' is not defined                       no-undef
   405:16  warning  '$' is not defined                         no-undef
   405:22  warning  'can' is not defined                       no-undef
   407:16  warning  '$' is not defined                         no-undef
   407:22  warning  'can' is not defined                       no-undef
   410:20  warning  'can' is not defined                       no-undef
   410:30  warning  'can' is not defined                       no-undef
   412:18  warning  '$' is not defined                         no-undef
   412:24  warning  'can' is not defined                       no-undef
   414:20  warning  'can' is not defined                       no-undef
   414:31  warning  'can' is not defined                       no-undef
   416:18  warning  '$' is not defined                         no-undef
   416:24  warning  'can' is not defined                       no-undef
   417:42  warning  'can' is not defined                       no-undef
   418:42  warning  'can' is not defined                       no-undef
   420:20  warning  'can' is not defined                       no-undef
   420:31  warning  'can' is not defined                       no-undef
   422:18  warning  '$' is not defined                         no-undef
   422:24  warning  'can' is not defined                       no-undef
   423:42  warning  'can' is not defined                       no-undef
   424:42  warning  'can' is not defined                       no-undef
   426:20  warning  'can' is not defined                       no-undef
   426:30  warning  'can' is not defined                       no-undef
   428:18  warning  '$' is not defined                         no-undef
   428:24  warning  'can' is not defined                       no-undef
   432:18  warning  '$' is not defined                         no-undef
   432:24  warning  'can' is not defined                       no-undef
   433:18  warning  '$' is not defined                         no-undef
   433:24  warning  'can' is not defined                       no-undef
   436:22  warning  'can' is not defined                       no-undef
   436:32  warning  'can' is not defined                       no-undef
   436:42  warning  'can' is not defined                       no-undef
   436:52  warning  'can' is not defined                       no-undef
   436:63  warning  'can' is not defined                       no-undef
   436:74  warning  'can' is not defined                       no-undef
   440:22  warning  'can' is not defined                       no-undef
   440:32  warning  'can' is not defined                       no-undef
   466:26  warning  'can' is not defined                       no-undef
   467:26  warning  'can' is not defined                       no-undef
   468:2   warning  '$' is not defined                         no-undef
   468:8   warning  'can' is not defined                       no-undef
   471:31  warning  'can' is not defined                       no-undef
   472:3   warning  'myInt' is not defined                     no-undef
   477:2   warning  Mixed spaces and tabs                      no-mixed-spaces-and-tabs
   479:3   warning  '$' is not defined                         no-undef
   479:9   warning  'can' is not defined                       no-undef
   482:4   warning  '$' is not defined                         no-undef
   482:10  warning  'can' is not defined                       no-undef
   483:4   warning  '$' is not defined                         no-undef
   483:10  warning  'can' is not defined                       no-undef
   486:5   warning  '$' is not defined                         no-undef
   486:11  warning  'can' is not defined                       no-undef
   487:5   warning  '$' is not defined                         no-undef
   487:11  warning  'can' is not defined                       no-undef
   488:5   warning  '$' is not defined                         no-undef
   488:11  warning  'can' is not defined                       no-undef
   489:5   warning  '$' is not defined                         no-undef
   489:12  warning  'can' is not defined                       no-undef
   490:5   warning  'myInt' is not defined                     no-undef
   495:4   warning  Mixed spaces and tabs                      no-mixed-spaces-and-tabs
   497:5   warning  '$' is not defined                         no-undef
   497:11  warning  'can' is not defined                       no-undef
   500:6   warning  '$' is not defined                         no-undef
   500:12  warning  'can' is not defined                       no-undef
   501:6   warning  '$' is not defined                         no-undef
   501:12  warning  'can' is not defined                       no-undef
   502:6   warning  '$' is not defined                         no-undef
   502:12  warning  'can' is not defined                       no-undef
   503:6   warning  '$' is not defined                         no-undef
   503:12  warning  'can' is not defined                       no-undef
   504:6   warning  '$' is not defined                         no-undef
   504:13  warning  'can' is not defined                       no-undef
   505:6   warning  '$' is not defined                         no-undef
   505:12  warning  'can' is not defined                       no-undef
   506:6   warning  '$' is not defined                         no-undef
   506:12  warning  'can' is not defined                       no-undef
   509:7   warning  'myInt' is not defined                     no-undef
   514:6   warning  Mixed spaces and tabs                      no-mixed-spaces-and-tabs
   516:7   warning  '$' is not defined                         no-undef
   516:13  warning  'can' is not defined                       no-undef
   519:8   warning  '$' is not defined                         no-undef
   519:14  warning  'can' is not defined                       no-undef
   520:8   warning  '$' is not defined                         no-undef
   520:14  warning  'can' is not defined                       no-undef
   521:8   warning  '$' is not defined                         no-undef
   521:14  warning  'can' is not defined                       no-undef
   524:9   warning  '$' is not defined                         no-undef
   524:15  warning  'can' is not defined                       no-undef
   525:9   warning  '$' is not defined                         no-undef
   525:15  warning  'can' is not defined                       no-undef
   528:10  warning  '$' is not defined                         no-undef
   528:16  warning  'can' is not defined                       no-undef
   529:10  warning  '$' is not defined                         no-undef
   529:16  warning  'can' is not defined                       no-undef
   532:11  warning  '$' is not defined                         no-undef
   532:17  warning  'can' is not defined                       no-undef
   533:11  warning  '$' is not defined                         no-undef
   533:17  warning  'can' is not defined                       no-undef
   534:11  warning  '$' is not defined                         no-undef
   534:17  warning  'can' is not defined                       no-undef
   536:11  warning  'myInt' is not defined                     no-undef
   541:10  warning  Mixed spaces and tabs                      no-mixed-spaces-and-tabs
   543:11  warning  '$' is not defined                         no-undef
   543:17  warning  'can' is not defined                       no-undef
   546:12  warning  '$' is not defined                         no-undef
   546:18  warning  'can' is not defined                       no-undef
   547:12  warning  '$' is not defined                         no-undef
   547:18  warning  'can' is not defined                       no-undef
   548:12  warning  '$' is not defined                         no-undef
   548:18  warning  'can' is not defined                       no-undef
   549:12  warning  '$' is not defined                         no-undef
   549:18  warning  'can' is not defined                       no-undef
   551:12  warning  '$' is not defined                         no-undef
   551:18  warning  'can' is not defined                       no-undef
   554:13  warning  '$' is not defined                         no-undef
   554:19  warning  'can' is not defined                       no-undef
   555:37  warning  'can' is not defined                       no-undef
   556:37  warning  'can' is not defined                       no-undef
   559:14  warning  '$' is not defined                         no-undef
   559:20  warning  'can' is not defined                       no-undef
   560:14  warning  '$' is not defined                         no-undef
   560:20  warning  'can' is not defined                       no-undef
   582:2   warning  'myInt' is not defined                     no-undef
   587:1   warning  Mixed spaces and tabs                      no-mixed-spaces-and-tabs
   589:2   warning  '$' is not defined                         no-undef
   589:8   warning  'can' is not defined                       no-undef
   592:3   warning  '$' is not defined                         no-undef
   592:9   warning  'can' is not defined                       no-undef
   593:3   warning  '$' is not defined                         no-undef
   593:9   warning  'can' is not defined                       no-undef
   596:4   warning  '$' is not defined                         no-undef
   596:10  warning  'can' is not defined                       no-undef
   599:5   warning  '$' is not defined                         no-undef
   599:11  warning  'can' is not defined                       no-undef
   602:10  warning  'can' is not defined                       no-undef
   602:20  warning  'can' is not defined                       no-undef
   602:31  warning  'can' is not defined                       no-undef
   602:42  warning  'can' is not defined                       no-undef
   602:53  warning  'can' is not defined                       no-undef
   602:63  warning  'can' is not defined                       no-undef
   604:7   warning  '$' is not defined                         no-undef
   606:9   warning  'can' is not defined                       no-undef
   610:9   warning  'can' is not defined                       no-undef
   622:2   warning  '$' is not defined                         no-undef
   622:8   warning  'can' is not defined                       no-undef
   625:3   warning  'myInt' is not defined                     no-undef
   630:27  warning  'can' is not defined                       no-undef
   633:28  warning  'can' is not defined                       no-undef
   634:28  warning  'can' is not defined                       no-undef
   637:29  warning  'can' is not defined                       no-undef
   638:29  warning  'can' is not defined                       no-undef
   639:29  warning  'can' is not defined                       no-undef
   642:6   warning  'myInt' is not defined                     no-undef
   647:30  warning  'can' is not defined                       no-undef
   650:31  warning  'can' is not defined                       no-undef
   651:7   warning  '$' is not defined                         no-undef
   651:13  warning  'can' is not defined                       no-undef
   652:7   warning  '$' is not defined                         no-undef
   652:13  warning  'can' is not defined                       no-undef
   653:7   warning  '$' is not defined                         no-undef
   653:13  warning  'can' is not defined                       no-undef
   656:8   warning  '$' is not defined                         no-undef
   656:14  warning  'can' is not defined                       no-undef
   657:8   warning  '$' is not defined                         no-undef
   657:14  warning  'can' is not defined                       no-undef
   658:8   warning  '$' is not defined                         no-undef
   658:14  warning  'can' is not defined                       no-undef
   661:9   warning  '$' is not defined                         no-undef
   661:15  warning  'can' is not defined                       no-undef
   662:9   warning  '$' is not defined                         no-undef
   662:15  warning  'can' is not defined                       no-undef
   665:10  warning  'myInt' is not defined                     no-undef
   670:34  warning  'can' is not defined                       no-undef
   673:35  warning  'can' is not defined                       no-undef
   674:35  warning  'can' is not defined                       no-undef
   675:11  warning  '$' is not defined                         no-undef
   675:17  warning  'can' is not defined                       no-undef
   676:35  warning  'can' is not defined                       no-undef
   677:11  warning  '$' is not defined                         no-undef
   677:17  warning  'can' is not defined                       no-undef
   678:11  warning  '$' is not defined                         no-undef
   678:17  warning  'can' is not defined                       no-undef
   681:12  warning  '$' is not defined                         no-undef
   681:18  warning  'can' is not defined                       no-undef
   682:12  warning  '$' is not defined                         no-undef
   682:18  warning  'can' is not defined                       no-undef
   683:12  warning  '$' is not defined                         no-undef
   683:18  warning  'can' is not defined                       no-undef
   686:37  warning  'can' is not defined                       no-undef
   687:37  warning  'can' is not defined                       no-undef
   688:13  warning  '$' is not defined                         no-undef
   688:19  warning  'can' is not defined                       no-undef
   692:38  warning  'can' is not defined                       no-undef
   695:39  warning  'can' is not defined                       no-undef
   698:40  warning  'can' is not defined                       no-undef
   699:40  warning  'can' is not defined                       no-undef
   702:41  warning  'can' is not defined                       no-undef
   703:41  warning  'can' is not defined                       no-undef
   706:42  warning  'can' is not defined                       no-undef
   707:42  warning  'can' is not defined                       no-undef
   708:42  warning  'can' is not defined                       no-undef
   709:18  warning  '$' is not defined                         no-undef
   709:24  warning  'can' is not defined                       no-undef
   710:18  warning  '$' is not defined                         no-undef
   710:24  warning  'can' is not defined                       no-undef
   711:18  warning  '$' is not defined                         no-undef
   711:24  warning  'can' is not defined                       no-undef
   714:19  warning  '$' is not defined                         no-undef
   714:25  warning  'can' is not defined                       no-undef
   715:19  warning  '$' is not defined                         no-undef
   715:25  warning  'can' is not defined                       no-undef
   719:44  warning  'can' is not defined                       no-undef
   720:44  warning  'can' is not defined                       no-undef
   722:20  warning  'myInt' is not defined                     no-undef
   727:44  warning  'can' is not defined                       no-undef
   730:45  warning  'can' is not defined                       no-undef
   731:21  warning  '$' is not defined                         no-undef
   731:27  warning  'can' is not defined                       no-undef
   732:21  warning  '$' is not defined                         no-undef
   732:27  warning  'can' is not defined                       no-undef
   733:21  warning  '$' is not defined                         no-undef
   733:27  warning  'can' is not defined                       no-undef
   736:22  warning  '$' is not defined                         no-undef
   736:28  warning  'can' is not defined                       no-undef
   737:22  warning  '$' is not defined                         no-undef
   737:28  warning  'can' is not defined                       no-undef
   738:22  warning  '$' is not defined                         no-undef
   738:28  warning  'can' is not defined                       no-undef
   741:23  warning  '$' is not defined                         no-undef
   741:29  warning  'can' is not defined                       no-undef
   742:23  warning  '$' is not defined                         no-undef
   742:29  warning  'can' is not defined                       no-undef
   749:46  warning  'can' is not defined                       no-undef
   750:46  warning  'can' is not defined                       no-undef
   751:46  warning  'can' is not defined                       no-undef
   753:22  warning  'myInt' is not defined                     no-undef
   758:46  warning  'can' is not defined                       no-undef
   761:47  warning  'can' is not defined                       no-undef
   762:47  warning  'can' is not defined                       no-undef
   765:24  warning  '$' is not defined                         no-undef
   765:30  warning  'can' is not defined                       no-undef
   768:28  warning  'can' is not defined                       no-undef
   772:28  warning  'can' is not defined                       no-undef
   807:2   warning  'myInt' is not defined                     no-undef
   812:26  warning  'can' is not defined                       no-undef
   815:27  warning  'can' is not defined                       no-undef
   816:3   warning  '$' is not defined                         no-undef
   816:9   warning  'can' is not defined                       no-undef
   819:4   warning  '$' is not defined                         no-undef
   819:10  warning  'can' is not defined                       no-undef
   822:5   warning  '$' is not defined                         no-undef
   822:11  warning  'can' is not defined                       no-undef
   825:30  warning  'can' is not defined                       no-undef
   826:30  warning  'can' is not defined                       no-undef
   827:6   warning  'myInt' is not defined                     no-undef
   832:30  warning  'can' is not defined                       no-undef
   835:31  warning  'can' is not defined                       no-undef
   836:31  warning  'can' is not defined                       no-undef
   839:32  warning  'can' is not defined                       no-undef
   840:32  warning  'can' is not defined                       no-undef
   843:9   warning  'myInt' is not defined                     no-undef
   848:33  warning  'can' is not defined                       no-undef
   851:34  warning  'can' is not defined                       no-undef
   852:34  warning  'can' is not defined                       no-undef
   853:34  warning  'can' is not defined                       no-undef
   856:11  warning  'myInt' is not defined                     no-undef
   861:35  warning  'can' is not defined                       no-undef
   864:36  warning  'can' is not defined                       no-undef
   865:36  warning  'can' is not defined                       no-undef
   866:36  warning  'can' is not defined                       no-undef
   867:36  warning  'can' is not defined                       no-undef
   870:37  warning  'can' is not defined                       no-undef
   871:37  warning  'can' is not defined                       no-undef
   874:38  warning  'can' is not defined                       no-undef
   877:39  warning  'can' is not defined                       no-undef
   880:40  warning  'can' is not defined                       no-undef
   883:41  warning  'can' is not defined                       no-undef
   884:41  warning  'can' is not defined                       no-undef
   885:41  warning  'can' is not defined                       no-undef
   886:41  warning  'can' is not defined                       no-undef
   887:41  warning  'can' is not defined                       no-undef
   908:30  warning  'can' is not defined                       no-undef
   909:30  warning  'can' is not defined                       no-undef
   910:2   warning  'myInt' is not defined                     no-undef
   917:26  warning  'can' is not defined                       no-undef
   920:27  warning  'can' is not defined                       no-undef
   921:27  warning  'can' is not defined                       no-undef
   922:27  warning  'can' is not defined                       no-undef
   925:32  warning  'can' is not defined                       no-undef
   926:28  warning  'can' is not defined                       no-undef
   927:28  warning  'can' is not defined                       no-undef
   928:28  warning  'can' is not defined                       no-undef
   931:36  warning  'can' is not defined                       no-undef
   932:36  warning  'can' is not defined                       no-undef
   933:29  warning  'can' is not defined                       no-undef
   936:37  warning  'can' is not defined                       no-undef
   937:37  warning  'can' is not defined                       no-undef
   940:31  warning  'can' is not defined                       no-undef
   944:36  warning  'can' is not defined                       no-undef
   945:32  warning  'can' is not defined                       no-undef
   946:39  warning  'can' is not defined                       no-undef
   947:39  warning  'can' is not defined                       no-undef
   948:32  warning  'can' is not defined                       no-undef
   949:32  warning  'can' is not defined                       no-undef
   950:32  warning  'can' is not defined                       no-undef
   953:37  warning  'can' is not defined                       no-undef
   954:33  warning  'can' is not defined                       no-undef
   957:38  warning  'can' is not defined                       no-undef
   958:38  warning  'can' is not defined                       no-undef
   972:2   warning  'myInt' is not defined                     no-undef
   979:26  warning  'can' is not defined                       no-undef
   982:27  warning  'can' is not defined                       no-undef
   983:3   warning  '$' is not defined                         no-undef
   983:9   warning  'can' is not defined                       no-undef
   986:28  warning  'can' is not defined                       no-undef
   987:28  warning  'can' is not defined                       no-undef
   988:28  warning  'can' is not defined                       no-undef
   989:4   warning  'myInt' is not defined                     no-undef
   994:3   warning  Mixed spaces and tabs                      no-mixed-spaces-and-tabs
   996:4   warning  '$' is not defined                         no-undef
   996:10  warning  'can' is not defined                       no-undef
   999:5   warning  '$' is not defined                         no-undef
   999:11  warning  'can' is not defined                       no-undef
  1000:5   warning  '$' is not defined                         no-undef
  1000:11  warning  'can' is not defined                       no-undef
  1001:5   warning  '$' is not defined                         no-undef
  1001:11  warning  'can' is not defined                       no-undef
  1002:5   warning  '$' is not defined                         no-undef
  1002:11  warning  'can' is not defined                       no-undef
  1003:5   warning  '$' is not defined                         no-undef
  1003:11  warning  'can' is not defined                       no-undef
  1004:5   warning  '$' is not defined                         no-undef
  1004:11  warning  'can' is not defined                       no-undef
  1007:6   warning  '$' is not defined                         no-undef
  1007:12  warning  'can' is not defined                       no-undef
  1008:6   warning  '$' is not defined                         no-undef
  1008:12  warning  'can' is not defined                       no-undef
  1011:7   warning  '$' is not defined                         no-undef
  1011:13  warning  'can' is not defined                       no-undef
  1012:7   warning  '$' is not defined                         no-undef
  1012:13  warning  'can' is not defined                       no-undef
  1015:8   warning  '$' is not defined                         no-undef
  1015:14  warning  'can' is not defined                       no-undef
  1016:8   warning  '$' is not defined                         no-undef
  1016:14  warning  'can' is not defined                       no-undef
  1019:9   warning  '$' is not defined                         no-undef
  1019:15  warning  'can' is not defined                       no-undef
  1020:9   warning  '$' is not defined                         no-undef
  1020:15  warning  'can' is not defined                       no-undef
  1021:9   warning  '$' is not defined                         no-undef
  1021:15  warning  'can' is not defined                       no-undef
  1023:9   warning  'myInt' is not defined                     no-undef
  1028:8   warning  Mixed spaces and tabs                      no-mixed-spaces-and-tabs
  1030:9   warning  '$' is not defined                         no-undef
  1030:15  warning  'can' is not defined                       no-undef
  1033:10  warning  '$' is not defined                         no-undef
  1033:16  warning  'can' is not defined                       no-undef
  1034:10  warning  '$' is not defined                         no-undef
  1034:16  warning  'can' is not defined                       no-undef
  1035:10  warning  '$' is not defined                         no-undef
  1035:16  warning  'can' is not defined                       no-undef
  1036:10  warning  '$' is not defined                         no-undef
  1036:16  warning  'can' is not defined                       no-undef
  1037:10  warning  '$' is not defined                         no-undef
  1037:16  warning  'can' is not defined                       no-undef
  1038:10  warning  '$' is not defined                         no-undef
  1038:16  warning  'can' is not defined                       no-undef
  1041:35  warning  'can' is not defined                       no-undef
  1042:35  warning  'can' is not defined                       no-undef
  1045:12  warning  '$' is not defined                         no-undef
  1045:18  warning  'can' is not defined                       no-undef
  1048:13  warning  '$' is not defined                         no-undef
  1048:19  warning  'can' is not defined                       no-undef
  1051:38  warning  'can' is not defined                       no-undef
  1052:38  warning  'can' is not defined                       no-undef
  1053:38  warning  'can' is not defined                       no-undef
  1054:38  warning  'can' is not defined                       no-undef
  1055:38  warning  'can' is not defined                       no-undef
  1056:38  warning  'can' is not defined                       no-undef
  1057:45  warning  'can' is not defined                       no-undef
  1058:42  warning  'can' is not defined                       no-undef
  1060:46  warning  'can' is not defined                       no-undef
  1061:39  warning  'can' is not defined                       no-undef
  1062:39  warning  'can' is not defined                       no-undef
  1063:39  warning  'can' is not defined                       no-undef
  1064:39  warning  'can' is not defined                       no-undef
  1065:39  warning  'can' is not defined                       no-undef
  1066:39  warning  'can' is not defined                       no-undef
  1067:39  warning  'can' is not defined                       no-undef
  1086:2   warning  'myInt' is not defined                     no-undef
  1091:1   warning  Mixed spaces and tabs                      no-mixed-spaces-and-tabs
  1093:26  warning  'can' is not defined                       no-undef
  1096:27  warning  'can' is not defined                       no-undef
  1097:27  warning  'can' is not defined                       no-undef
  1098:27  warning  'can' is not defined                       no-undef
  1099:3   warning  '$' is not defined                         no-undef
  1099:9   warning  'can' is not defined                       no-undef
  1102:4   warning  '$' is not defined                         no-undef
  1102:10  warning  'can' is not defined                       no-undef
  1105:5   warning  '$' is not defined                         no-undef
  1105:11  warning  'can' is not defined                       no-undef
  1108:30  warning  'can' is not defined                       no-undef
  1109:30  warning  'can' is not defined                       no-undef
  1111:6   warning  'myInt' is not defined                     no-undef
  1116:5   warning  Mixed spaces and tabs                      no-mixed-spaces-and-tabs
  1118:30  warning  'can' is not defined                       no-undef
  1121:31  warning  'can' is not defined                       no-undef
  1122:31  warning  'can' is not defined                       no-undef
  1123:35  warning  'can' is not defined                       no-undef
  1124:38  warning  'can' is not defined                       no-undef
  1125:35  warning  'can' is not defined                       no-undef
  1127:39  warning  'can' is not defined                       no-undef
  1128:32  warning  'can' is not defined                       no-undef
  1129:32  warning  'can' is not defined                       no-undef
  1132:33  warning  'can' is not defined                       no-undef
  1133:33  warning  'can' is not defined                       no-undef
  1136:34  warning  'can' is not defined                       no-undef
  1137:34  warning  'can' is not defined                       no-undef
  1138:38  warning  'can' is not defined                       no-undef
  1140:10  warning  'myInt' is not defined                     no-undef
  1145:9   warning  Mixed spaces and tabs                      no-mixed-spaces-and-tabs
  1147:34  warning  'can' is not defined                       no-undef
  1150:35  warning  'can' is not defined                       no-undef
  1151:35  warning  'can' is not defined                       no-undef
  1152:39  warning  'can' is not defined                       no-undef
  1156:12  warning  'myInt' is not defined                     no-undef
  1161:11  warning  Mixed spaces and tabs                      no-mixed-spaces-and-tabs
  1163:36  warning  'can' is not defined                       no-undef
  1166:37  warning  'can' is not defined                       no-undef
  1167:37  warning  'can' is not defined                       no-undef
  1168:37  warning  'can' is not defined                       no-undef
  1169:37  warning  'can' is not defined                       no-undef
  1170:13  warning  '$' is not defined                         no-undef
  1170:19  warning  'can' is not defined                       no-undef
  1173:14  warning  '$' is not defined                         no-undef
  1173:20  warning  'can' is not defined                       no-undef
  1176:15  warning  '$' is not defined                         no-undef
  1176:21  warning  'can' is not defined                       no-undef
  1179:40  warning  'can' is not defined                       no-undef
  1180:40  warning  'can' is not defined                       no-undef
  1181:44  warning  'can' is not defined                       no-undef
  1182:44  warning  'can' is not defined                       no-undef
  1202:2   warning  'myInt' is not defined                     no-undef
  1207:1   warning  Mixed spaces and tabs                      no-mixed-spaces-and-tabs
  1209:26  warning  'can' is not defined                       no-undef
  1212:27  warning  'can' is not defined                       no-undef
  1213:27  warning  'can' is not defined                       no-undef
  1214:27  warning  'can' is not defined                       no-undef
  1215:27  warning  'can' is not defined                       no-undef
  1216:27  warning  'can' is not defined                       no-undef
  1217:27  warning  'can' is not defined                       no-undef
  1220:28  warning  'can' is not defined                       no-undef
  1221:28  warning  'can' is not defined                       no-undef
  1222:28  warning  'can' is not defined                       no-undef
  1223:28  warning  'can' is not defined                       no-undef
  1226:29  warning  'can' is not defined                       no-undef
  1227:5   warning  '$' is not defined                         no-undef
  1227:11  warning  'can' is not defined                       no-undef
  1228:5   warning  '$' is not defined                         no-undef
  1228:11  warning  'can' is not defined                       no-undef
  1231:30  warning  'can' is not defined                       no-undef
  1232:30  warning  'can' is not defined                       no-undef
  1233:30  warning  'can' is not defined                       no-undef
  1236:31  warning  'can' is not defined                       no-undef
  1237:31  warning  'can' is not defined                       no-undef
  1240:32  warning  'can' is not defined                       no-undef
  1241:32  warning  'can' is not defined                       no-undef
  1242:32  warning  'can' is not defined                       no-undef
  1243:32  warning  'can' is not defined                       no-undef
  1256:10  warning  'checkAnswer' is defined but never used    no-unused-vars
  1260:5   warning  '$' is not defined                         no-undef
  1283:3   warning  '$' is not defined                         no-undef

/home/runner/work/exp-chemical-oxygen-nitk/exp-chemical-oxygen-nitk/experiment/simulation/js/jquerymin.js
  2:71     warning  'module' is not defined                                                    no-undef
  2:86     warning  'module' is not defined                                                    no-undef
  2:863    warning  'b' is assigned a value but never used                                     no-unused-vars
  2:3050   warning  'r' is assigned a value but never used                                     no-unused-vars
  2:5376   warning  Unexpected control character(s) in regular expression: \x1f, \x1f          no-control-regex
  2:5847   warning  Expected a conditional expression and instead saw an assignment            no-cond-assign
  2:6101   warning  Expected a conditional expression and instead saw an assignment            no-cond-assign
  2:6532   warning  Expected a conditional expression and instead saw an assignment            no-cond-assign
  2:6758   warning  Empty block statement                                                      no-empty
  2:7320   warning  Expected a conditional expression and instead saw an assignment            no-cond-assign
  2:9378   warning  Expected a conditional expression and instead saw an assignment            no-cond-assign
  2:9688   warning  Expected a conditional expression and instead saw an assignment            no-cond-assign
  2:11489  warning  Expected a conditional expression and instead saw an assignment            no-cond-assign
  2:12064  warning  Expected a conditional expression and instead saw an assignment            no-cond-assign
  2:12102  warning  Expected a conditional expression and instead saw an assignment            no-cond-assign
  2:12520  warning  Empty block statement                                                      no-empty
  2:13134  warning  Expected a conditional expression and instead saw an assignment            no-cond-assign
  2:13446  warning  Expected a conditional expression and instead saw an assignment            no-cond-assign
  2:15271  warning  Expected a conditional expression and instead saw an assignment            no-cond-assign
  2:15542  warning  Expected a conditional expression and instead saw an assignment            no-cond-assign
  2:15740  warning  Expected a conditional expression and instead saw an assignment            no-cond-assign
  2:16114  warning  Do not access Object.prototype method 'hasOwnProperty' from target object  no-prototype-builtins
  2:16815  warning  Expected a conditional expression and instead saw an assignment            no-cond-assign
  2:19155  warning  Expected a conditional expression and instead saw an assignment            no-cond-assign
  2:19255  warning  Expected a conditional expression and instead saw an assignment            no-cond-assign
  2:19315  warning  Expected a conditional expression and instead saw an assignment            no-cond-assign
  2:20674  warning  Expected a conditional expression and instead saw an assignment            no-cond-assign
  2:21288  warning  Expected a conditional expression and instead saw an assignment            no-cond-assign
  2:21399  warning  Expected a conditional expression and instead saw an assignment            no-cond-assign
  2:23719  warning  Unnecessary escape character: \/                                           no-useless-escape
  2:33344  warning  Empty block statement                                                      no-empty
  2:37050  warning  Unnecessary escape character: \/                                           no-useless-escape
  2:38265  warning  Expected a conditional expression and instead saw an assignment            no-cond-assign
  2:38405  warning  Expected a conditional expression and instead saw an assignment            no-cond-assign
  2:39039  warning  Empty block statement                                                      no-empty
  2:45778  warning  Unnecessary escape character: \/                                           no-useless-escape
  2:48087  warning  Expected a conditional expression and instead saw an assignment            no-cond-assign
  2:49647  warning  Empty block statement                                                      no-empty
  2:57298  warning  Expected a conditional expression and instead saw an assignment            no-cond-assign
  2:59847  warning  Expected a conditional expression and instead saw an assignment            no-cond-assign
  2:64132  warning  Expected a conditional expression and instead saw an assignment            no-cond-assign
  2:65877  warning  Expected a conditional expression and instead saw an assignment            no-cond-assign
  2:65943  warning  Expected a conditional expression and instead saw an assignment            no-cond-assign
  2:66247  warning  Expected a conditional expression and instead saw an assignment            no-cond-assign
  2:66313  warning  Expected a conditional expression and instead saw an assignment            no-cond-assign
  2:66720  warning  Expected a conditional expression and instead saw an assignment            no-cond-assign
  2:66997  warning  Expected a conditional expression and instead saw an assignment            no-cond-assign
  2:72432  warning  Expected a conditional expression and instead saw an assignment            no-cond-assign
  2:74924  warning  Expected a conditional expression and instead saw an assignment            no-cond-assign
  2:75645  warning  'l.href' is assigned to itself                                             no-self-assign
  2:79204  warning  Empty block statement                                                      no-empty
  2:83243  warning  Expected a conditional expression and instead saw an assignment            no-cond-assign
  2:83243  warning  'l' is assigned a value but never used                                     no-unused-vars
  2:86651  warning  'define' is not defined                                                    no-undef
  2:86663  warning  'define' is not defined                                                    no-undef

 721 problems (0 errors, 721 warnings)

